<?xml version="1.0" encoding="UTF-8"?>
<!-- Generated by org.testng.reporters.JUnitReportReporter -->
<testsuite hostname="JAYANT" failures="0" tests="4" name="loginTestCases.JxlLibrary" time="37.388" errors="0" timestamp="2023-02-23T13:55:23 IST" skipped="0">
  <testcase classname="loginTestCases.JxlLibrary" name="loginPage" time="8.494"/>
  <system-out/>
  <testcase classname="loginTestCases.JxlLibrary" name="loginPage" time="9.167"/>
  <system-out/>
  <testcase classname="loginTestCases.JxlLibrary" name="loginPage" time="10.152"/>
  <system-out/>
  <testcase classname="loginTestCases.JxlLibrary" name="loginPage" time="9.575"/>
  <system-out/>
</testsuite> <!-- loginTestCases.JxlLibrary -->
